Seans-MacBook-Pro-2:python seanduffy$ python3 serialProcessor.py
 
 
 
 
 
 
 
 
 
 
 
 
 
 
 
 
 
 
 
 
********************************************************************************
********************************************************************************
********************************************************************************
Waiting for handshake from sparki
Handshake complete, told sparki that we're in X mode
Time: 0.0003120899200439453 SerialFromSparki: IR,INSSTART,X,PO,x,4.00,y,0.00,<,0
--------------------------------------------------------------------------------
handleInstructions (HI) (sensorPose) :Start :X :({'x': 4.0, 'y': 0.0, '<': 0}) :False
(HI) robotPose: {'x': 0.0, 'y': 0.0, '<': 0}
 
HI: robotPoseFromInstruction: {'x': 0.0, 'y': 0.0, '<': 0}
HI: lastRobotDictItem: {'x': 0.0, 'y': 0.0, '<': 0}
 
Time: 13.165937900543213 SerialFromSparki: IR,StateChg,x,5.32,y,0.00,<,0,el,980,ll,978,lc,850,lr,458,er,973,ell,0,lll,0,lcl,1,lrl,1,erl,0,sdl,0,sdr,0,sol,1,sae,0,slp,0,srp,0,sel,0,ser,0,sas,1,sgl,0
Time: 13.642535924911499 SerialFromSparki: IR,StateChg,x,24.28,y,-0.79,<,0,el,207,ll,123,lc,131,lr,103,er,980,ell,1,lll,1,lcl,1,lrl,1,erl,0,sdl,0,sdr,0,sol,1,sae,0,slp,1,srp,0,sel,0,ser,0,sas,0,sgl,0
Time: 44.26952600479126 SerialFromSparki: IR,StateChg,x,29.04,y,-0.79,<,0,el,978,ll,107,lc,120,lr,98,er,979,ell,0,lll,1,lcl,1,lrl,1,erl,0,sdl,0,sdr,0,sol,1,sae,0,slp,0,srp,0,sel,1,ser,0,sas,0,sgl,0
Time: 45.9834520816803 SerialFromSparki: IR,StateChg,x,70.78,y,-1.61,<,0,el,244,ll,122,lc,120,lr,99,er,980,ell,1,lll,1,lcl,1,lrl,1,erl,0,sdl,0,sdr,0,sol,1,sae,0,slp,1,srp,0,sel,0,ser,0,sas,0,sgl,0
Time: 83.59905409812927 SerialFromSparki: IR,StateChg,x,75.54,y,-1.61,<,0,el,975,ll,103,lc,124,lr,89,er,976,ell,0,lll,1,lcl,1,lrl,1,erl,0,sdl,0,sdr,0,sol,1,sae,0,slp,0,srp,0,sel,1,ser,0,sas,0,sgl,0
Time: 85.312833070755 SerialFromSparki: Obst:76.26
Time: 89.93801498413086 SerialFromSparki: IR,StateChg,x,88.05,y,-1.61,<,0,el,980,ll,967,lc,979,lr,980,er,979,ell,0,lll,0,lcl,0,lrl,0,erl,0,sdl,0,sdr,0,sol,0,sae,1,slp,0,srp,0,sel,0,ser,0,sas,0,sgl,0
Time: 89.94284582138062 SerialFromSparki: IR,INSSTOP,X,PO,x,88.05,y,-1.61,<,0,Obst,f
--------------------------------------------------------------------------------
handleInstructions (HI) (sensorPose) :Stop :X :({'x': 88.05, 'y': -1.61, '<': 0}) :False
(HI) robotPose: {'x': 84.05, 'y': -1.61, '<': 0}
 
IN PROCESSVALUELIST............. LEN: 6
 
--------------- P R O C E S S   V A L U E    L I S T -------------------

gv.lastRobotDictItem from last processValueList: {'x': 0.0, 'y': 0.0, '<': 0} 

  robotDictItem: {'x': 5.32, 'y': 0.0, '<': 0, 'TYPE': 'sas'}
  robotDictItem: {'x': 26.66, 'y': -0.79, '<': 0, 'dest<': 270, 'TYPE': 'sli'}
  robotDictItem: {'x': 73.16, 'y': -1.61, '<': 0, 'dest<': 270, 'TYPE': 'sli'}
  robotDictItem: {'x': 84.05, 'y': -1.61, '<': 0, 'TYPE': 'sae'}
proc tempList, gv.lastRobotDictItem {'x': 0.0, 'y': 0.0, '<': 0}
Found SAS: {'x': 5.32, 'y': 0.0, '<': 0, 'TYPE': 'sas', 'NODEID': 0}
proc tempList, gv.lastRobotDictItem {'x': 5.32, 'y': 0.0, '<': 0, 'TYPE': 'sas', 'NODEID': 0}
Found sli: {'x': 26.66, 'y': -0.79, '<': 270, 'dest<': 270, 'TYPE': 'sli', 'NODEID': 1, 'orig<': 0}
proc tempList, gv.lastRobotDictItem {'x': 26.66, 'y': -0.79, '<': 0, 'dest<': 270, 'TYPE': 'sli', 'NODEID': 1}
Found sli: {'x': 73.16, 'y': -1.61, '<': 270, 'dest<': 270, 'TYPE': 'sli', 'NODEID': 2, 'orig<': 0}
proc tempList, gv.lastRobotDictItem {'x': 73.16, 'y': -1.61, '<': 0, 'dest<': 270, 'TYPE': 'sli', 'NODEID': 2}
Found SAE: {'x': 84.05, 'y': -1.61, '<': 0, 'TYPE': 'sae', 'NODEID': 3}
- - - - - - - - - - - - - - - - - - - - - - - - - - - - - - - - - - - - - - - - - - - - - -
gv.startOfMaze (start position): {'x': 5.32, 'y': 0.0, '<': 0, 'TYPE': 'sas', 'NODEID': 0}
World xMin: 5.32 yMin: -1.61 xMax: 84.05 yMax: 0.0
gv.currentMode: X
gv.lastRobotDictItem: {'x': 84.05, 'y': -1.61, '<': 0, 'TYPE': 'sae', 'NODEID': 3}
gv.robotPoseFromInstruction: {'x': 0.0, 'y': 0.0, '<': 0}
gv.pathsVisited:
  {'x': 5.32, 'y': 0.0, '<': 0, 'TYPE': 'sas', 'NODEID': 0}
  {'x': 26.66, 'y': -0.79, '<': 0, 'dest<': 270, 'TYPE': 'sli', 'NODEID': 1}
  {'x': 73.16, 'y': -1.61, '<': 0, 'dest<': 270, 'TYPE': 'sli', 'NODEID': 2}
  {'x': 84.05, 'y': -1.61, '<': 0, 'TYPE': 'sae', 'NODEID': 3}
gv.paths2Visit:
  {'x': 26.66, 'y': -0.79, '<': 270, 'dest<': 270, 'TYPE': 'sli', 'NODEID': 1, 'orig<': 0}
  {'x': 73.16, 'y': -1.61, '<': 270, 'dest<': 270, 'TYPE': 'sli', 'NODEID': 2, 'orig<': 0}
pathBeingVisited
  {}
gv.goalDict is empty
gv.potentialGoalDicts
  {'x': 84.05, 'y': -1.61, '<': 0, 'TYPE': 'sae', 'NODEID': 3}
gv.nodeList
  NodeId: 0 value: {'x': 5.32, 'y': 0.0, 'NODEID': 0}
  NodeId: 1 value: {'x': 26.66, 'y': -0.79, 'NODEID': 1}
  NodeId: 2 value: {'x': 73.16, 'y': -1.61, 'NODEID': 2}
  NodeId: 3 value: {'x': 84.05, 'y': -1.61, 'NODEID': 3}
gv.nodeConnectionList
  {'id1': 0, '<': 0, 'id2': 1, 'len': 21.35}
  {'id1': 1, '<': 180, 'id2': 0, 'len': 21.35}
  {'id1': 1, '<': 0, 'id2': 2, 'len': 46.51}
  {'id1': 2, '<': 180, 'id2': 1, 'len': 46.51}
  {'id1': 2, '<': 0, 'id2': 3, 'len': 10.89}
  {'id1': 3, '<': 180, 'id2': 2, 'len': 10.89}
  As a graph: {0: {1: 21.35}, 1: {0: 21.35, 2: 46.51}, 2: {1: 46.51, 3: 10.89}, 3: {2: 10.89}}
- - - - - - - - - - - - - - - - - - - - - - - - - - - - - - - - - - - - - - - - - - - - - -
Time: 90.95519304275513 SerialFromSparki: IR,INS
--------------------------------------------------------------------------------
In tellSparkiWhatToDo (TS)
in getDirectionsForNodes
  node2GoTo: 3 workNode: {'x': 84.05, 'y': -1.61, 'NODEID': 3}
  node2GoTo: 2 workNode: {'x': 73.16, 'y': -1.61, 'NODEID': 2}
*****************
Sending this to sparki: M,x,84.05,y,-1.61,<,-1,M,x,73.16,y,-1.61,<,-1,X,x,73.16,y,-1.61,<,270
*****************
In send2Sparki, theLen: 69 string: M,x,84.05,y,-1.61,<,-1,M,x,73.16,y,-1.61,<,-1,X,x,73.16,y,-1.61,<,270
Time: 91.11992287635803  Instruction sent
Time: 91.12012791633606 SerialFromSparki: 69
Time: 91.12033605575562 SerialFromSparki: IR,INSSTART,M,PO,x,80.47,y,-1.68,<,181
--------------------------------------------------------------------------------
handleInstructions (HI) (sensorPose) :Start :M :({'x': 80.47, 'y': -1.68, '<': 181}) :False
(HI) robotPose: {'x': 84.47, 'y': -1.61, '<': 181}
 
HI: robotPoseFromInstruction: {'x': 84.47, 'y': -1.61, '<': 181, 'NODEID': 3}
HI: lastRobotDictItem: {'x': 84.47, 'y': -1.61, '<': 181, 'NODEID': 3}
 
Time: 96.16079616546631 SerialFromSparki: IR,INSSTOP,M,PO,x,80.01,y,-1.69,<,181,Obst,f
--------------------------------------------------------------------------------
handleInstructions (HI) (sensorPose) :Stop :M :({'x': 80.01, 'y': -1.69, '<': 181}) :False
(HI) robotPose: {'x': 84.01, 'y': -1.62, '<': 181}
Time: 97.32964515686035 SerialFromSparki: IR,INSSTART,M,PO,x,80.01,y,-1.55,<,179
--------------------------------------------------------------------------------
handleInstructions (HI) (sensorPose) :Start :M :({'x': 80.01, 'y': -1.55, '<': 179}) :False
(HI) robotPose: {'x': 84.01, 'y': -1.62, '<': 179}
 
HI: robotPoseFromInstruction: {'x': 84.01, 'y': -1.62, '<': 179, 'NODEID': 3}
HI: lastRobotDictItem: {'x': 84.01, 'y': -1.62, '<': 179, 'NODEID': 3}
 
Time: 97.6817798614502 SerialFromSparki: IR,INSSTOP,M,PO,x,68.79,y,-1.35,<,179,Obst,f
--------------------------------------------------------------------------------
handleInstructions (HI) (sensorPose) :Stop :M :({'x': 68.79, 'y': -1.35, '<': 179}) :False
(HI) robotPose: {'x': 72.79, 'y': -1.42, '<': 179}
Time: 102.72076892852783 SerialFromSparki: IR,INSSTART,X,PO,x,72.79,y,-5.42,<,270
--------------------------------------------------------------------------------
handleInstructions (HI) (sensorPose) :Start :X :({'x': 72.79, 'y': -5.42, '<': 270}) :False
(HI) robotPose: {'x': 72.79, 'y': -1.42, '<': 270}
 
HI: robotPoseFromInstruction: {'x': 72.79, 'y': -1.42, '<': 270, 'NODEID': 2}
HI: lastRobotDictItem: {'x': 72.79, 'y': -1.42, '<': 270, 'NODEID': 2}
 
Time: 105.35442996025085 SerialFromSparki: Obst:46.26
Time: 122.56381511688232 SerialFromSparki: IR,StateChg,x,73.13,y,-22.25,<,270,el,980,ll,980,lc,980,lr,980,er,980,ell,0,lll,0,lcl,0,lrl,0,erl,0,sdl,0,sdr,0,sol,0,sae,1,slp,0,srp,0,sel,0,ser,0,sas,0,sgl,0
Time: 122.56880784034729 SerialFromSparki: IR,INSSTOP,X,PO,x,73.13,y,-22.25,<,270,Obst,f
--------------------------------------------------------------------------------
handleInstructions (HI) (sensorPose) :Stop :X :({'x': 73.13, 'y': -22.25, '<': 270}) :False
(HI) robotPose: {'x': 73.13, 'y': -18.25, '<': 270}
 
IN PROCESSVALUELIST............. LEN: 1
 
--------------- P R O C E S S   V A L U E    L I S T -------------------

gv.lastRobotDictItem from last processValueList: {'x': 72.79, 'y': -1.42, '<': 270, 'NODEID': 2} 

  robotDictItem: {'x': 73.13, 'y': -18.25, '<': 270, 'TYPE': 'sae'}
proc tempList, gv.lastRobotDictItem {'x': 72.79, 'y': -1.42, '<': 270, 'NODEID': 2}
Found SAE: {'x': 73.13, 'y': -18.25, '<': 270, 'TYPE': 'sae', 'NODEID': 4}
- - - - - - - - - - - - - - - - - - - - - - - - - - - - - - - - - - - - - - - - - - - - - -
gv.startOfMaze (start position): {'x': 5.32, 'y': 0.0, '<': 0, 'TYPE': 'sas', 'NODEID': 0}
World xMin: 5.32 yMin: -18.25 xMax: 84.05 yMax: 0.0
gv.currentMode: X
gv.lastRobotDictItem: {'x': 73.13, 'y': -18.25, '<': 270, 'TYPE': 'sae', 'NODEID': 4}
gv.robotPoseFromInstruction: {'x': 72.79, 'y': -1.42, '<': 270, 'NODEID': 2}
gv.pathsVisited:
  {'x': 5.32, 'y': 0.0, '<': 0, 'TYPE': 'sas', 'NODEID': 0}
  {'x': 26.66, 'y': -0.79, '<': 0, 'dest<': 270, 'TYPE': 'sli', 'NODEID': 1}
  {'x': 73.16, 'y': -1.61, '<': 0, 'dest<': 270, 'TYPE': 'sli', 'NODEID': 2}
  {'x': 84.05, 'y': -1.61, '<': 0, 'TYPE': 'sae', 'NODEID': 3}
  {'x': 73.13, 'y': -18.25, '<': 270, 'TYPE': 'sae', 'NODEID': 4}
gv.paths2Visit:
  {'x': 26.66, 'y': -0.79, '<': 270, 'dest<': 270, 'TYPE': 'sli', 'NODEID': 1, 'orig<': 0}
pathBeingVisited
  {'x': 73.16, 'y': -1.61, '<': 270, 'dest<': 270, 'TYPE': 'sli', 'NODEID': 2, 'orig<': 0}
gv.goalDict is empty
gv.potentialGoalDicts
  {'x': 84.05, 'y': -1.61, '<': 0, 'TYPE': 'sae', 'NODEID': 3}
  {'x': 73.13, 'y': -18.25, '<': 270, 'TYPE': 'sae', 'NODEID': 4}
gv.nodeList
  NodeId: 0 value: {'x': 5.32, 'y': 0.0, 'NODEID': 0}
  NodeId: 1 value: {'x': 26.66, 'y': -0.79, 'NODEID': 1}
  NodeId: 2 value: {'x': 73.16, 'y': -1.61, 'NODEID': 2}
  NodeId: 3 value: {'x': 84.05, 'y': -1.61, 'NODEID': 3}
  NodeId: 4 value: {'x': 73.13, 'y': -18.25, 'NODEID': 4}
gv.nodeConnectionList
  {'id1': 0, '<': 0, 'id2': 1, 'len': 21.35}
  {'id1': 1, '<': 180, 'id2': 0, 'len': 21.35}
  {'id1': 1, '<': 0, 'id2': 2, 'len': 46.51}
  {'id1': 2, '<': 180, 'id2': 1, 'len': 46.51}
  {'id1': 2, '<': 0, 'id2': 3, 'len': 10.89}
  {'id1': 3, '<': 180, 'id2': 2, 'len': 10.89}
  {'id1': 2, '<': 270, 'id2': 4, 'len': 16.83}
  {'id1': 4, '<': 90, 'id2': 2, 'len': 16.83}
  As a graph: {0: {1: 21.35}, 1: {0: 21.35, 2: 46.51}, 2: {1: 46.51, 3: 10.89, 4: 16.83}, 3: {2: 10.89}, 4: {2: 16.83}}
- - - - - - - - - - - - - - - - - - - - - - - - - - - - - - - - - - - - - - - - - - - - - -
Time: 123.58141803741455 SerialFromSparki: IR,INS
--------------------------------------------------------------------------------
In tellSparkiWhatToDo (TS)
in getDirectionsForNodes
  node2GoTo: 4 workNode: {'x': 73.13, 'y': -18.25, 'NODEID': 4}
  node2GoTo: 2 workNode: {'x': 73.16, 'y': -1.61, 'NODEID': 2}
  node2GoTo: 1 workNode: {'x': 26.66, 'y': -0.79, 'NODEID': 1}
*****************
Sending this to sparki: M,x,73.13,y,-18.25,<,-1,M,x,73.16,y,-1.61,<,-1,M,x,26.66,y,-0.79,<,-1
*****************
In send2Sparki, theLen: 69 string: M,x,73.13,y,-18.25,<,-1,M,x,73.16,y,-1.61,<,-1,M,x,26.66,y,-0.79,<,-1
Time: 123.74789190292358  Instruction sent
Time: 123.74802613258362 SerialFromSparki: 69
Time: 123.74826312065125 SerialFromSparki: IR,INSSTART,M,PO,x,73.13,y,-14.67,<,90
--------------------------------------------------------------------------------
handleInstructions (HI) (sensorPose) :Start :M :({'x': 73.13, 'y': -14.67, '<': 90}) :False
(HI) robotPose: {'x': 73.13, 'y': -18.67, '<': 90}
 
HI: robotPoseFromInstruction: {'x': 73.13, 'y': -18.67, '<': 90, 'NODEID': 4}
HI: lastRobotDictItem: {'x': 73.13, 'y': -18.67, '<': 90, 'NODEID': 4}
 
Time: 128.8315031528473 SerialFromSparki: IR,INSSTOP,M,PO,x,73.13,y,-14.21,<,90,Obst,f
--------------------------------------------------------------------------------
handleInstructions (HI) (sensorPose) :Stop :M :({'x': 73.13, 'y': -14.21, '<': 90}) :False
(HI) robotPose: {'x': 73.13, 'y': -18.21, '<': 90}
Time: 130.0003890991211 SerialFromSparki: IR,INSSTART,M,PO,x,73.20,y,-14.21,<,89
--------------------------------------------------------------------------------
handleInstructions (HI) (sensorPose) :Start :M :({'x': 73.2, 'y': -14.21, '<': 89}) :False
(HI) robotPose: {'x': 73.13, 'y': -18.21, '<': 89}
 
HI: robotPoseFromInstruction: {'x': 73.13, 'y': -18.21, '<': 89, 'NODEID': 4}
HI: lastRobotDictItem: {'x': 73.13, 'y': -18.21, '<': 89, 'NODEID': 4}
 
Time: 130.3316888809204 SerialFromSparki: IR,INSSTOP,M,PO,x,73.90,y,0.88,<,89,Obst,f
--------------------------------------------------------------------------------
handleInstructions (HI) (sensorPose) :Stop :M :({'x': 73.9, 'y': 0.88, '<': 89}) :False
(HI) robotPose: {'x': 73.83, 'y': -3.12, '<': 89}
Time: 148.11301612854004 SerialFromSparki: IR,INSSTART,M,PO,x,69.84,y,-2.48,<,177
--------------------------------------------------------------------------------
handleInstructions (HI) (sensorPose) :Start :M :({'x': 69.84, 'y': -2.48, '<': 177}) :False
(HI) robotPose: {'x': 73.83, 'y': -2.69, '<': 177}
 
HI: robotPoseFromInstruction: {'x': 73.83, 'y': -2.69, '<': 177, 'NODEID': 2}
HI: lastRobotDictItem: {'x': 73.83, 'y': -2.69, '<': 177, 'NODEID': 2}
 
Time: 150.80662393569946 SerialFromSparki: IR,INSSTOP,M,PO,x,22.64,y,2.22,<,177,Obst,f
--------------------------------------------------------------------------------
handleInstructions (HI) (sensorPose) :Stop :M :({'x': 22.64, 'y': 2.22, '<': 177}) :False
(HI) robotPose: {'x': 26.63, 'y': 2.01, '<': 177}
Time: 192.62008905410767 SerialFromSparki: IR,INS
--------------------------------------------------------------------------------
In tellSparkiWhatToDo (TS)
*****************
Sending this to sparki: X,x,26.66,y,-0.79,<,270
*****************
In send2Sparki, theLen: 23 string: X,x,26.66,y,-0.79,<,270
Time: 192.78367519378662  Instruction sent
Time: 192.78381514549255 SerialFromSparki: 23
Time: 192.78403496742249 SerialFromSparki: IR,INSSTART,X,PO,x,26.64,y,-1.99,<,270
--------------------------------------------------------------------------------
handleInstructions (HI) (sensorPose) :Start :X :({'x': 26.64, 'y': -1.99, '<': 270}) :False
(HI) robotPose: {'x': 26.64, 'y': 2.01, '<': 270}
 
HI: robotPoseFromInstruction: {'x': 26.64, 'y': 2.01, '<': 270, 'NODEID': 1}
HI: lastRobotDictItem: {'x': 26.64, 'y': 2.01, '<': 270, 'NODEID': 1}
 
Time: 195.36284112930298 SerialFromSparki: IR,StateChg,x,27.66,y,-13.64,<,270,el,314,ll,119,lc,125,lr,95,er,674,ell,1,lll,1,lcl,1,lrl,1,erl,1,sdl,0,sdr,0,sol,1,sae,0,slp,1,srp,1,sel,0,ser,0,sas,0,sgl,0
Time: 210.37663793563843 SerialFromSparki: IR,StateChg,x,27.66,y,-18.41,<,270,el,947,ll,89,lc,97,lr,82,er,556,ell,0,lll,1,lcl,1,lrl,1,erl,1,sdl,0,sdr,0,sol,1,sae,0,slp,0,srp,0,sel,1,ser,0,sas,0,sgl,0
Time: 212.0927460193634 SerialFromSparki: IR,StateChg,x,27.66,y,-18.88,<,270,el,973,ll,79,lc,98,lr,77,er,972,ell,0,lll,1,lcl,1,lrl,1,erl,0,sdl,0,sdr,0,sol,1,sae,0,slp,0,srp,0,sel,0,ser,1,sas,0,sgl,0
Time: 212.26061511039734 SerialFromSparki: IR,StateChg,x,27.66,y,-32.26,<,270,el,980,ll,130,lc,134,lr,120,er,443,ell,0,lll,1,lcl,1,lrl,1,erl,1,sdl,0,sdr,0,sol,1,sae,0,slp,0,srp,1,sel,0,ser,0,sas,0,sgl,0
Time: 217.07301497459412 SerialFromSparki: IR,StateChg,x,27.66,y,-37.46,<,270,el,980,ll,104,lc,110,lr,99,er,973,ell,0,lll,1,lcl,1,lrl,1,erl,0,sdl,0,sdr,0,sol,1,sae,0,slp,0,srp,0,sel,0,ser,1,sas,0,sgl,0
Time: 218.94395899772644 SerialFromSparki: IR,StateChg,x,27.66,y,-55.57,<,270,el,980,ll,98,lc,118,lr,272,er,557,ell,0,lll,1,lcl,1,lrl,1,erl,1,sdl,0,sdr,0,sol,1,sae,0,slp,0,srp,1,sel,0,ser,0,sas,0,sgl,0
Time: 225.45869207382202 SerialFromSparki: IR,StateChg,x,27.66,y,-60.77,<,270,el,980,ll,980,lc,980,lr,980,er,973,ell,0,lll,0,lcl,0,lrl,0,erl,0,sdl,0,sdr,0,sol,0,sae,0,slp,0,srp,0,sel,0,ser,1,sas,0,sgl,0
Time: 227.32971692085266 SerialFromSparki: IR,INSSTOP,X,PO,x,27.66,y,-60.77,<,270,Obst,f
--------------------------------------------------------------------------------
handleInstructions (HI) (sensorPose) :Stop :X :({'x': 27.66, 'y': -60.77, '<': 270}) :False
(HI) robotPose: {'x': 27.66, 'y': -56.77, '<': 270}
 
IN PROCESSVALUELIST............. LEN: 7
 
--------------- P R O C E S S   V A L U E    L I S T -------------------

gv.lastRobotDictItem from last processValueList: {'x': 26.64, 'y': 2.01, '<': 270, 'NODEID': 1} 

  robotDictItem: {'x': 27.66, 'y': -16.02, '<': 270, 'dest<': 180, 'TYPE': 'sli'}
  robotDictItem: {'x': 27.66, 'y': -16.26, '<': 270, 'dest<': 0, 'TYPE': 'sri'}
  robotDictItem: {'x': 27.66, 'y': -34.86, '<': 270, 'dest<': 0, 'TYPE': 'sri'}
  robotDictItem: {'x': 27.66, 'y': -58.17, '<': 270, 'dest<': 0, 'TYPE': 'sri'}
proc tempList, gv.lastRobotDictItem {'x': 26.64, 'y': 2.01, '<': 270, 'NODEID': 1}
Found sli: {'x': 27.66, 'y': -16.02, '<': 180, 'dest<': 180, 'TYPE': 'sli', 'NODEID': 5, 'orig<': 270}
proc tempList, gv.lastRobotDictItem {'x': 27.66, 'y': -16.02, '<': 270, 'dest<': 180, 'TYPE': 'sli', 'NODEID': 5}
Found sri: {'x': 27.66, 'y': -16.26, '<': 0, 'dest<': 0, 'TYPE': 'sri', 'NODEID': 5, 'orig<': 270}
proc tempList, gv.lastRobotDictItem {'x': 27.66, 'y': -16.26, '<': 270, 'dest<': 0, 'TYPE': 'sri', 'NODEID': 5}
Found sri: {'x': 27.66, 'y': -34.86, '<': 0, 'dest<': 0, 'TYPE': 'sri', 'NODEID': 6, 'orig<': 270}
proc tempList, gv.lastRobotDictItem {'x': 27.66, 'y': -34.86, '<': 270, 'dest<': 0, 'TYPE': 'sri', 'NODEID': 6}
Found sri: {'x': 27.66, 'y': -58.17, '<': 0, 'dest<': 0, 'TYPE': 'sri', 'NODEID': 7, 'orig<': 270}
- - - - - - - - - - - - - - - - - - - - - - - - - - - - - - - - - - - - - - - - - - - - - -
gv.startOfMaze (start position): {'x': 5.32, 'y': 0.0, '<': 0, 'TYPE': 'sas', 'NODEID': 0}
World xMin: 5.32 yMin: -58.17 xMax: 84.05 yMax: 0.0
gv.currentMode: X
gv.lastRobotDictItem: {'x': 27.66, 'y': -58.17, '<': 270, 'dest<': 0, 'TYPE': 'sri', 'NODEID': 7}
gv.robotPoseFromInstruction: {'x': 26.64, 'y': 2.01, '<': 270, 'NODEID': 1}
gv.pathsVisited:
  {'x': 5.32, 'y': 0.0, '<': 0, 'TYPE': 'sas', 'NODEID': 0}
  {'x': 26.66, 'y': -0.79, '<': 0, 'dest<': 270, 'TYPE': 'sli', 'NODEID': 1}
  {'x': 73.16, 'y': -1.61, '<': 0, 'dest<': 270, 'TYPE': 'sli', 'NODEID': 2}
  {'x': 84.05, 'y': -1.61, '<': 0, 'TYPE': 'sae', 'NODEID': 3}
  {'x': 73.13, 'y': -18.25, '<': 270, 'TYPE': 'sae', 'NODEID': 4}
  {'x': 27.66, 'y': -16.02, '<': 270, 'dest<': 180, 'TYPE': 'sli', 'NODEID': 5}
  {'x': 27.66, 'y': -16.26, '<': 270, 'dest<': 0, 'TYPE': 'sri', 'NODEID': 5}
  {'x': 27.66, 'y': -34.86, '<': 270, 'dest<': 0, 'TYPE': 'sri', 'NODEID': 6}
  {'x': 27.66, 'y': -58.17, '<': 270, 'dest<': 0, 'TYPE': 'sri', 'NODEID': 7}
gv.paths2Visit:
  {'x': 27.66, 'y': -16.02, '<': 180, 'dest<': 180, 'TYPE': 'sli', 'NODEID': 5, 'orig<': 270}
  {'x': 27.66, 'y': -16.26, '<': 0, 'dest<': 0, 'TYPE': 'sri', 'NODEID': 5, 'orig<': 270}
  {'x': 27.66, 'y': -34.86, '<': 0, 'dest<': 0, 'TYPE': 'sri', 'NODEID': 6, 'orig<': 270}
  {'x': 27.66, 'y': -58.17, '<': 0, 'dest<': 0, 'TYPE': 'sri', 'NODEID': 7, 'orig<': 270}
pathBeingVisited
  {'x': 26.66, 'y': -0.79, '<': 270, 'dest<': 270, 'TYPE': 'sli', 'NODEID': 1, 'orig<': 0}
gv.goalDict is empty
gv.potentialGoalDicts
  {'x': 84.05, 'y': -1.61, '<': 0, 'TYPE': 'sae', 'NODEID': 3}
  {'x': 73.13, 'y': -18.25, '<': 270, 'TYPE': 'sae', 'NODEID': 4}
gv.nodeList
  NodeId: 0 value: {'x': 5.32, 'y': 0.0, 'NODEID': 0}
  NodeId: 1 value: {'x': 26.66, 'y': -0.79, 'NODEID': 1}
  NodeId: 2 value: {'x': 73.16, 'y': -1.61, 'NODEID': 2}
  NodeId: 3 value: {'x': 84.05, 'y': -1.61, 'NODEID': 3}
  NodeId: 4 value: {'x': 73.13, 'y': -18.25, 'NODEID': 4}
  NodeId: 5 value: {'x': 27.66, 'y': -16.02, 'NODEID': 5}
  NodeId: 6 value: {'x': 27.66, 'y': -34.86, 'NODEID': 6}
  NodeId: 7 value: {'x': 27.66, 'y': -58.17, 'NODEID': 7}
gv.nodeConnectionList
  {'id1': 0, '<': 0, 'id2': 1, 'len': 21.35}
  {'id1': 1, '<': 180, 'id2': 0, 'len': 21.35}
  {'id1': 1, '<': 0, 'id2': 2, 'len': 46.51}
  {'id1': 2, '<': 180, 'id2': 1, 'len': 46.51}
  {'id1': 2, '<': 0, 'id2': 3, 'len': 10.89}
  {'id1': 3, '<': 180, 'id2': 2, 'len': 10.89}
  {'id1': 2, '<': 270, 'id2': 4, 'len': 16.83}
  {'id1': 4, '<': 90, 'id2': 2, 'len': 16.83}
  {'id1': 1, '<': 270, 'id2': 5, 'len': 18.06}
  {'id1': 5, '<': 90, 'id2': 1, 'len': 18.06}
  {'id1': 5, '<': 270, 'id2': 6, 'len': 18.6}
  {'id1': 6, '<': 90, 'id2': 5, 'len': 18.6}
  {'id1': 6, '<': 270, 'id2': 7, 'len': 23.31}
  {'id1': 7, '<': 90, 'id2': 6, 'len': 23.31}
  As a graph: {0: {1: 21.35}, 1: {0: 21.35, 2: 46.51, 5: 18.06}, 2: {1: 46.51, 3: 10.89, 4: 16.83}, 3: {2: 10.89}, 4: {2: 16.83}, 5: {1: 18.06, 6: 18.6}, 6: {5: 18.6, 7: 23.31}, 7: {6: 23.31}}
- - - - - - - - - - - - - - - - - - - - - - - - - - - - - - - - - - - - - - - - - - - - - -
Time: 228.34416604042053 SerialFromSparki: IR,INS
--------------------------------------------------------------------------------
In tellSparkiWhatToDo (TS)
in getDirectionsForNodes
*****************
Sending this to sparki: M,x,27.66,y,-58.17,<,-1,X,x,27.66,y,-58.17,<,0
*****************
In send2Sparki, theLen: 46 string: M,x,27.66,y,-58.17,<,-1,X,x,27.66,y,-58.17,<,0
Time: 228.5023431777954  Instruction sent
Time: 228.50253582000732 SerialFromSparki: 46
Time: 228.50270891189575 SerialFromSparki: IR,INSSTART,M,PO,x,27.66,y,-61.24,<,270
--------------------------------------------------------------------------------
handleInstructions (HI) (sensorPose) :Start :M :({'x': 27.66, 'y': -61.24, '<': 270}) :False
(HI) robotPose: {'x': 27.66, 'y': -57.24, '<': 270}
 
HI: robotPoseFromInstruction: {'x': 27.66, 'y': -57.24, '<': 270, 'NODEID': 7}
HI: lastRobotDictItem: {'x': 27.66, 'y': -57.24, '<': 270, 'NODEID': 7}
 
Time: 228.68391704559326 SerialFromSparki: IR,INSSTOP,M,PO,x,27.66,y,-62.56,<,270,Obst,f
--------------------------------------------------------------------------------
handleInstructions (HI) (sensorPose) :Stop :M :({'x': 27.66, 'y': -62.56, '<': 270}) :False
(HI) robotPose: {'x': 27.66, 'y': -58.56, '<': 270}
Time: 230.1627278327942 SerialFromSparki: IR,INSSTART,X,PO,x,31.66,y,-58.56,<,0
--------------------------------------------------------------------------------
handleInstructions (HI) (sensorPose) :Start :X :({'x': 31.66, 'y': -58.56, '<': 0}) :False
(HI) robotPose: {'x': 27.66, 'y': -58.56, '<': 0}
 
HI: robotPoseFromInstruction: {'x': 27.66, 'y': -58.56, '<': 0, 'NODEID': 7}
HI: lastRobotDictItem: {'x': 27.66, 'y': -58.56, '<': 0, 'NODEID': 7}
 
Time: 232.7676658630371 SerialFromSparki: IR,StateChg,x,52.33,y,-58.80,<,0,el,980,ll,109,lc,109,lr,112,er,302,ell,0,lll,1,lcl,1,lrl,1,erl,1,sdl,0,sdr,0,sol,1,sae,0,slp,0,srp,1,sel,0,ser,0,sas,0,sgl,0
Time: 251.56388306617737 SerialFromSparki: IR,StateChg,x,57.09,y,-58.80,<,0,el,980,ll,127,lc,120,lr,100,er,928,ell,0,lll,1,lcl,1,lrl,1,erl,0,sdl,0,sdr,0,sol,1,sae,0,slp,0,srp,0,sel,0,ser,1,sas,0,sgl,0
Time: 253.27785110473633 SerialFromSparki: Obst:44.26
Time: 257.89364099502563 SerialFromSparki: IR,StateChg,x,69.59,y,-58.80,<,0,el,980,ll,947,lc,958,lr,941,er,976,ell,0,lll,0,lcl,0,lrl,0,erl,0,sdl,0,sdr,0,sol,0,sae,1,slp,0,srp,0,sel,0,ser,0,sas,0,sgl,0
Time: 257.89851903915405 SerialFromSparki: IR,INSSTOP,X,PO,x,69.59,y,-58.80,<,0,Obst,f
--------------------------------------------------------------------------------
handleInstructions (HI) (sensorPose) :Stop :X :({'x': 69.59, 'y': -58.8, '<': 0}) :False
(HI) robotPose: {'x': 65.59, 'y': -58.8, '<': 0}
 
IN PROCESSVALUELIST............. LEN: 3
 
--------------- P R O C E S S   V A L U E    L I S T -------------------

gv.lastRobotDictItem from last processValueList: {'x': 27.66, 'y': -58.56, '<': 0, 'NODEID': 7} 

  robotDictItem: {'x': 54.71, 'y': -58.8, '<': 0, 'dest<': 90, 'TYPE': 'sri'}
  robotDictItem: {'x': 65.59, 'y': -58.8, '<': 0, 'TYPE': 'sae'}
proc tempList, gv.lastRobotDictItem {'x': 27.66, 'y': -58.56, '<': 0, 'NODEID': 7}
Found sri: {'x': 54.71, 'y': -58.8, '<': 90, 'dest<': 90, 'TYPE': 'sri', 'NODEID': 8, 'orig<': 0}
proc tempList, gv.lastRobotDictItem {'x': 54.71, 'y': -58.8, '<': 0, 'dest<': 90, 'TYPE': 'sri', 'NODEID': 8}
Found SAE: {'x': 65.59, 'y': -58.8, '<': 0, 'TYPE': 'sae', 'NODEID': 9}
- - - - - - - - - - - - - - - - - - - - - - - - - - - - - - - - - - - - - - - - - - - - - -
gv.startOfMaze (start position): {'x': 5.32, 'y': 0.0, '<': 0, 'TYPE': 'sas', 'NODEID': 0}
World xMin: 5.32 yMin: -58.8 xMax: 84.05 yMax: 0.0
gv.currentMode: X
gv.lastRobotDictItem: {'x': 65.59, 'y': -58.8, '<': 0, 'TYPE': 'sae', 'NODEID': 9}
gv.robotPoseFromInstruction: {'x': 27.66, 'y': -58.56, '<': 0, 'NODEID': 7}
gv.pathsVisited:
  {'x': 5.32, 'y': 0.0, '<': 0, 'TYPE': 'sas', 'NODEID': 0}
  {'x': 26.66, 'y': -0.79, '<': 0, 'dest<': 270, 'TYPE': 'sli', 'NODEID': 1}
  {'x': 73.16, 'y': -1.61, '<': 0, 'dest<': 270, 'TYPE': 'sli', 'NODEID': 2}
  {'x': 84.05, 'y': -1.61, '<': 0, 'TYPE': 'sae', 'NODEID': 3}
  {'x': 73.13, 'y': -18.25, '<': 270, 'TYPE': 'sae', 'NODEID': 4}
  {'x': 27.66, 'y': -16.02, '<': 270, 'dest<': 180, 'TYPE': 'sli', 'NODEID': 5}
  {'x': 27.66, 'y': -16.26, '<': 270, 'dest<': 0, 'TYPE': 'sri', 'NODEID': 5}
  {'x': 27.66, 'y': -34.86, '<': 270, 'dest<': 0, 'TYPE': 'sri', 'NODEID': 6}
  {'x': 27.66, 'y': -58.17, '<': 270, 'dest<': 0, 'TYPE': 'sri', 'NODEID': 7}
  {'x': 54.71, 'y': -58.8, '<': 0, 'dest<': 90, 'TYPE': 'sri', 'NODEID': 8}
  {'x': 65.59, 'y': -58.8, '<': 0, 'TYPE': 'sae', 'NODEID': 9}
gv.paths2Visit:
  {'x': 27.66, 'y': -16.02, '<': 180, 'dest<': 180, 'TYPE': 'sli', 'NODEID': 5, 'orig<': 270}
  {'x': 27.66, 'y': -16.26, '<': 0, 'dest<': 0, 'TYPE': 'sri', 'NODEID': 5, 'orig<': 270}
  {'x': 27.66, 'y': -34.86, '<': 0, 'dest<': 0, 'TYPE': 'sri', 'NODEID': 6, 'orig<': 270}
  {'x': 54.71, 'y': -58.8, '<': 90, 'dest<': 90, 'TYPE': 'sri', 'NODEID': 8, 'orig<': 0}
pathBeingVisited
  {'x': 27.66, 'y': -58.17, '<': 0, 'dest<': 0, 'TYPE': 'sri', 'NODEID': 7, 'orig<': 270}
gv.goalDict is empty
gv.potentialGoalDicts
  {'x': 84.05, 'y': -1.61, '<': 0, 'TYPE': 'sae', 'NODEID': 3}
  {'x': 73.13, 'y': -18.25, '<': 270, 'TYPE': 'sae', 'NODEID': 4}
  {'x': 65.59, 'y': -58.8, '<': 0, 'TYPE': 'sae', 'NODEID': 9}
gv.nodeList
  NodeId: 0 value: {'x': 5.32, 'y': 0.0, 'NODEID': 0}
  NodeId: 1 value: {'x': 26.66, 'y': -0.79, 'NODEID': 1}
  NodeId: 2 value: {'x': 73.16, 'y': -1.61, 'NODEID': 2}
  NodeId: 3 value: {'x': 84.05, 'y': -1.61, 'NODEID': 3}
  NodeId: 4 value: {'x': 73.13, 'y': -18.25, 'NODEID': 4}
  NodeId: 5 value: {'x': 27.66, 'y': -16.02, 'NODEID': 5}
  NodeId: 6 value: {'x': 27.66, 'y': -34.86, 'NODEID': 6}
  NodeId: 7 value: {'x': 27.66, 'y': -58.17, 'NODEID': 7}
  NodeId: 8 value: {'x': 54.71, 'y': -58.8, 'NODEID': 8}
  NodeId: 9 value: {'x': 65.59, 'y': -58.8, 'NODEID': 9}
gv.nodeConnectionList
  {'id1': 0, '<': 0, 'id2': 1, 'len': 21.35}
  {'id1': 1, '<': 180, 'id2': 0, 'len': 21.35}
  {'id1': 1, '<': 0, 'id2': 2, 'len': 46.51}
  {'id1': 2, '<': 180, 'id2': 1, 'len': 46.51}
  {'id1': 2, '<': 0, 'id2': 3, 'len': 10.89}
  {'id1': 3, '<': 180, 'id2': 2, 'len': 10.89}
  {'id1': 2, '<': 270, 'id2': 4, 'len': 16.83}
  {'id1': 4, '<': 90, 'id2': 2, 'len': 16.83}
  {'id1': 1, '<': 270, 'id2': 5, 'len': 18.06}
  {'id1': 5, '<': 90, 'id2': 1, 'len': 18.06}
  {'id1': 5, '<': 270, 'id2': 6, 'len': 18.6}
  {'id1': 6, '<': 90, 'id2': 5, 'len': 18.6}
  {'id1': 6, '<': 270, 'id2': 7, 'len': 23.31}
  {'id1': 7, '<': 90, 'id2': 6, 'len': 23.31}
  {'id1': 7, '<': 0, 'id2': 8, 'len': 27.05}
  {'id1': 8, '<': 180, 'id2': 7, 'len': 27.05}
  {'id1': 8, '<': 0, 'id2': 9, 'len': 10.88}
  {'id1': 9, '<': 180, 'id2': 8, 'len': 10.88}
  As a graph: {0: {1: 21.35}, 1: {0: 21.35, 2: 46.51, 5: 18.06}, 2: {1: 46.51, 3: 10.89, 4: 16.83}, 3: {2: 10.89}, 4: {2: 16.83}, 5: {1: 18.06, 6: 18.6}, 6: {5: 18.6, 7: 23.31}, 7: {6: 23.31, 8: 27.05}, 8: {7: 27.05, 9: 10.88}, 9: {8: 10.88}}
- - - - - - - - - - - - - - - - - - - - - - - - - - - - - - - - - - - - - - - - - - - - - -
Time: 258.9123649597168 SerialFromSparki: IR,INS
--------------------------------------------------------------------------------
In tellSparkiWhatToDo (TS)
in getDirectionsForNodes
  node2GoTo: 9 workNode: {'x': 65.59, 'y': -58.8, 'NODEID': 9}
  node2GoTo: 8 workNode: {'x': 54.71, 'y': -58.8, 'NODEID': 8}
*****************
Sending this to sparki: M,x,65.59,y,-58.8,<,-1,M,x,54.71,y,-58.8,<,-1,X,x,54.71,y,-58.8,<,90
*****************
In send2Sparki, theLen: 68 string: M,x,65.59,y,-58.8,<,-1,M,x,54.71,y,-58.8,<,-1,X,x,54.71,y,-58.8,<,90
Time: 259.0748929977417  Instruction sent
Time: 259.07510709762573 SerialFromSparki: 68
Time: 259.0752990245819 SerialFromSparki: IR,INSSTART,M,PO,x,62.03,y,-58.73,<,179
--------------------------------------------------------------------------------
handleInstructions (HI) (sensorPose) :Start :M :({'x': 62.03, 'y': -58.73, '<': 179}) :False
(HI) robotPose: {'x': 66.03, 'y': -58.8, '<': 179}
 
HI: robotPoseFromInstruction: {'x': 66.03, 'y': -58.8, '<': 179, 'NODEID': 9}
HI: lastRobotDictItem: {'x': 66.03, 'y': -58.8, '<': 179, 'NODEID': 9}
 
Time: 264.12745690345764 SerialFromSparki: IR,INSSTOP,M,PO,x,61.56,y,-58.72,<,179,Obst,f
--------------------------------------------------------------------------------
handleInstructions (HI) (sensorPose) :Stop :M :({'x': 61.56, 'y': -58.72, '<': 179}) :False
(HI) robotPose: {'x': 65.56, 'y': -58.79, '<': 179}
Time: 265.29621410369873 SerialFromSparki: IR,INSSTART,M,PO,x,61.56,y,-58.86,<,181
--------------------------------------------------------------------------------
handleInstructions (HI) (sensorPose) :Start :M :({'x': 61.56, 'y': -58.86, '<': 181}) :False
(HI) robotPose: {'x': 65.56, 'y': -58.79, '<': 181}
 
HI: robotPoseFromInstruction: {'x': 65.56, 'y': -58.79, '<': 181, 'NODEID': 9}
HI: lastRobotDictItem: {'x': 65.56, 'y': -58.79, '<': 181, 'NODEID': 9}
 
Time: 265.64456605911255 SerialFromSparki: IR,INSSTOP,M,PO,x,50.35,y,-59.06,<,181,Obst,f
--------------------------------------------------------------------------------
handleInstructions (HI) (sensorPose) :Stop :M :({'x': 50.35, 'y': -59.06, '<': 181}) :False
(HI) robotPose: {'x': 54.35, 'y': -58.99, '<': 181}
Time: 270.68405508995056 SerialFromSparki: IR,INSSTART,X,PO,x,54.34,y,-54.99,<,90
--------------------------------------------------------------------------------
handleInstructions (HI) (sensorPose) :Start :X :({'x': 54.34, 'y': -54.99, '<': 90}) :False
(HI) robotPose: {'x': 54.34, 'y': -58.99, '<': 90}
 
HI: robotPoseFromInstruction: {'x': 54.34, 'y': -58.99, '<': 90, 'NODEID': 8}
HI: lastRobotDictItem: {'x': 54.34, 'y': -58.99, '<': 90, 'NODEID': 8}
 
Time: 273.3180401325226 SerialFromSparki: IR,StateChg,x,55.49,y,-38.60,<,90,el,980,ll,116,lc,139,lr,108,er,807,ell,0,lll,1,lcl,1,lrl,1,erl,1,sdl,0,sdr,0,sol,1,sae,0,slp,0,srp,1,sel,0,ser,0,sas,0,sgl,0
Time: 305.95739793777466 SerialFromSparki: IR,StateChg,x,55.49,y,-33.40,<,90,el,980,ll,955,lc,975,lr,949,er,973,ell,0,lll,0,lcl,0,lrl,0,erl,0,sdl,0,sdr,0,sol,0,sae,0,slp,0,srp,0,sel,0,ser,1,sas,0,sgl,0
Time: 307.8281500339508 SerialFromSparki: IR,INSSTOP,X,PO,x,55.49,y,-33.40,<,90,Obst,f
--------------------------------------------------------------------------------
handleInstructions (HI) (sensorPose) :Stop :X :({'x': 55.49, 'y': -33.4, '<': 90}) :False
(HI) robotPose: {'x': 55.49, 'y': -37.4, '<': 90}
 
IN PROCESSVALUELIST............. LEN: 2
 
--------------- P R O C E S S   V A L U E    L I S T -------------------

gv.lastRobotDictItem from last processValueList: {'x': 54.34, 'y': -58.99, '<': 90, 'NODEID': 8} 

  robotDictItem: {'x': 55.49, 'y': -36.0, '<': 90, 'dest<': 180, 'TYPE': 'sri'}
proc tempList, gv.lastRobotDictItem {'x': 54.34, 'y': -58.99, '<': 90, 'NODEID': 8}
Found sri: {'x': 55.49, 'y': -36.0, '<': 180, 'dest<': 180, 'TYPE': 'sri', 'NODEID': 10, 'orig<': 90}
- - - - - - - - - - - - - - - - - - - - - - - - - - - - - - - - - - - - - - - - - - - - - -
gv.startOfMaze (start position): {'x': 5.32, 'y': 0.0, '<': 0, 'TYPE': 'sas', 'NODEID': 0}
World xMin: 5.32 yMin: -58.8 xMax: 84.05 yMax: 0.0
gv.currentMode: X
gv.lastRobotDictItem: {'x': 55.49, 'y': -36.0, '<': 90, 'dest<': 180, 'TYPE': 'sri', 'NODEID': 10}
gv.robotPoseFromInstruction: {'x': 54.34, 'y': -58.99, '<': 90, 'NODEID': 8}
gv.pathsVisited:
  {'x': 5.32, 'y': 0.0, '<': 0, 'TYPE': 'sas', 'NODEID': 0}
  {'x': 26.66, 'y': -0.79, '<': 0, 'dest<': 270, 'TYPE': 'sli', 'NODEID': 1}
  {'x': 73.16, 'y': -1.61, '<': 0, 'dest<': 270, 'TYPE': 'sli', 'NODEID': 2}
  {'x': 84.05, 'y': -1.61, '<': 0, 'TYPE': 'sae', 'NODEID': 3}
  {'x': 73.13, 'y': -18.25, '<': 270, 'TYPE': 'sae', 'NODEID': 4}
  {'x': 27.66, 'y': -16.02, '<': 270, 'dest<': 180, 'TYPE': 'sli', 'NODEID': 5}
  {'x': 27.66, 'y': -16.26, '<': 270, 'dest<': 0, 'TYPE': 'sri', 'NODEID': 5}
  {'x': 27.66, 'y': -34.86, '<': 270, 'dest<': 0, 'TYPE': 'sri', 'NODEID': 6}
  {'x': 27.66, 'y': -58.17, '<': 270, 'dest<': 0, 'TYPE': 'sri', 'NODEID': 7}
  {'x': 54.71, 'y': -58.8, '<': 0, 'dest<': 90, 'TYPE': 'sri', 'NODEID': 8}
  {'x': 65.59, 'y': -58.8, '<': 0, 'TYPE': 'sae', 'NODEID': 9}
  {'x': 55.49, 'y': -36.0, '<': 90, 'dest<': 180, 'TYPE': 'sri', 'NODEID': 10}
gv.paths2Visit:
  {'x': 27.66, 'y': -16.02, '<': 180, 'dest<': 180, 'TYPE': 'sli', 'NODEID': 5, 'orig<': 270}
  {'x': 27.66, 'y': -16.26, '<': 0, 'dest<': 0, 'TYPE': 'sri', 'NODEID': 5, 'orig<': 270}
  {'x': 27.66, 'y': -34.86, '<': 0, 'dest<': 0, 'TYPE': 'sri', 'NODEID': 6, 'orig<': 270}
  {'x': 55.49, 'y': -36.0, '<': 180, 'dest<': 180, 'TYPE': 'sri', 'NODEID': 10, 'orig<': 90}
pathBeingVisited
  {'x': 54.71, 'y': -58.8, '<': 90, 'dest<': 90, 'TYPE': 'sri', 'NODEID': 8, 'orig<': 0}
gv.goalDict is empty
gv.potentialGoalDicts
  {'x': 84.05, 'y': -1.61, '<': 0, 'TYPE': 'sae', 'NODEID': 3}
  {'x': 73.13, 'y': -18.25, '<': 270, 'TYPE': 'sae', 'NODEID': 4}
  {'x': 65.59, 'y': -58.8, '<': 0, 'TYPE': 'sae', 'NODEID': 9}
gv.nodeList
  NodeId: 0 value: {'x': 5.32, 'y': 0.0, 'NODEID': 0}
  NodeId: 1 value: {'x': 26.66, 'y': -0.79, 'NODEID': 1}
  NodeId: 2 value: {'x': 73.16, 'y': -1.61, 'NODEID': 2}
  NodeId: 3 value: {'x': 84.05, 'y': -1.61, 'NODEID': 3}
  NodeId: 4 value: {'x': 73.13, 'y': -18.25, 'NODEID': 4}
  NodeId: 5 value: {'x': 27.66, 'y': -16.02, 'NODEID': 5}
  NodeId: 6 value: {'x': 27.66, 'y': -34.86, 'NODEID': 6}
  NodeId: 7 value: {'x': 27.66, 'y': -58.17, 'NODEID': 7}
  NodeId: 8 value: {'x': 54.71, 'y': -58.8, 'NODEID': 8}
  NodeId: 9 value: {'x': 65.59, 'y': -58.8, 'NODEID': 9}
  NodeId: 10 value: {'x': 55.49, 'y': -36.0, 'NODEID': 10}
gv.nodeConnectionList
  {'id1': 0, '<': 0, 'id2': 1, 'len': 21.35}
  {'id1': 1, '<': 180, 'id2': 0, 'len': 21.35}
  {'id1': 1, '<': 0, 'id2': 2, 'len': 46.51}
  {'id1': 2, '<': 180, 'id2': 1, 'len': 46.51}
  {'id1': 2, '<': 0, 'id2': 3, 'len': 10.89}
  {'id1': 3, '<': 180, 'id2': 2, 'len': 10.89}
  {'id1': 2, '<': 270, 'id2': 4, 'len': 16.83}
  {'id1': 4, '<': 90, 'id2': 2, 'len': 16.83}
  {'id1': 1, '<': 270, 'id2': 5, 'len': 18.06}
  {'id1': 5, '<': 90, 'id2': 1, 'len': 18.06}
  {'id1': 5, '<': 270, 'id2': 6, 'len': 18.6}
  {'id1': 6, '<': 90, 'id2': 5, 'len': 18.6}
  {'id1': 6, '<': 270, 'id2': 7, 'len': 23.31}
  {'id1': 7, '<': 90, 'id2': 6, 'len': 23.31}
  {'id1': 7, '<': 0, 'id2': 8, 'len': 27.05}
  {'id1': 8, '<': 180, 'id2': 7, 'len': 27.05}
  {'id1': 8, '<': 0, 'id2': 9, 'len': 10.88}
  {'id1': 9, '<': 180, 'id2': 8, 'len': 10.88}
  {'id1': 8, '<': 90, 'id2': 10, 'len': 23.02}
  {'id1': 10, '<': 270, 'id2': 8, 'len': 23.02}
  As a graph: {0: {1: 21.35}, 1: {0: 21.35, 2: 46.51, 5: 18.06}, 2: {1: 46.51, 3: 10.89, 4: 16.83}, 3: {2: 10.89}, 4: {2: 16.83}, 5: {1: 18.06, 6: 18.6}, 6: {5: 18.6, 7: 23.31}, 7: {6: 23.31, 8: 27.05}, 8: {7: 27.05, 9: 10.88, 10: 23.02}, 9: {8: 10.88}, 10: {8: 23.02}}
- - - - - - - - - - - - - - - - - - - - - - - - - - - - - - - - - - - - - - - - - - - - - -
Time: 308.8423202037811 SerialFromSparki: IR,INS
--------------------------------------------------------------------------------
In tellSparkiWhatToDo (TS)
in getDirectionsForNodes
*****************
Sending this to sparki: M,x,55.49,y,-36.0,<,-1,X,x,55.49,y,-36.0,<,180
*****************
In send2Sparki, theLen: 46 string: M,x,55.49,y,-36.0,<,-1,X,x,55.49,y,-36.0,<,180
Time: 309.00445008277893  Instruction sent
Time: 309.0046110153198 SerialFromSparki: 46
Time: 309.0048289299011 SerialFromSparki: IR,INSSTART,M,PO,x,55.56,y,-32.93,<,89
--------------------------------------------------------------------------------
handleInstructions (HI) (sensorPose) :Start :M :({'x': 55.56, 'y': -32.93, '<': 89}) :False
(HI) robotPose: {'x': 55.49, 'y': -36.93, '<': 89}
 
HI: robotPoseFromInstruction: {'x': 55.49, 'y': -36.93, '<': 89, 'NODEID': 10}
HI: lastRobotDictItem: {'x': 55.49, 'y': -36.93, '<': 89, 'NODEID': 10}
 
Time: 309.2217378616333 SerialFromSparki: IR,INSSTOP,M,PO,x,55.58,y,-31.61,<,89,Obst,f
--------------------------------------------------------------------------------
handleInstructions (HI) (sensorPose) :Stop :M :({'x': 55.58, 'y': -31.61, '<': 89}) :False
(HI) robotPose: {'x': 55.51, 'y': -35.61, '<': 89}
Time: 310.6996910572052 SerialFromSparki: IR,INSSTART,X,PO,x,51.51,y,-35.61,<,180
--------------------------------------------------------------------------------
handleInstructions (HI) (sensorPose) :Start :X :({'x': 51.51, 'y': -35.61, '<': 180}) :False
(HI) robotPose: {'x': 55.51, 'y': -35.61, '<': 180}
 
HI: robotPoseFromInstruction: {'x': 55.51, 'y': -35.61, '<': 180, 'NODEID': 10}
HI: lastRobotDictItem: {'x': 55.51, 'y': -35.61, '<': 180, 'NODEID': 10}
 
Time: 313.3335769176483 SerialFromSparki: IR,StateChg,x,47.61,y,-35.61,<,180,el,867,ll,146,lc,133,lr,134,er,980,ell,1,lll,1,lcl,1,lrl,1,erl,0,sdl,0,sdr,0,sol,1,sae,0,slp,1,srp,0,sel,0,ser,0,sas,0,sgl,0
Time: 314.73982095718384 SerialFromSparki: IR,StateChg,x,42.41,y,-35.61,<,180,el,977,ll,107,lc,121,lr,84,er,976,ell,0,lll,1,lcl,1,lrl,1,erl,0,sdl,0,sdr,0,sol,1,sae,0,slp,0,srp,0,sel,1,ser,0,sas,0,sgl,0
Time: 316.61056089401245 SerialFromSparki: IR,StateChg,x,29.03,y,-35.61,<,180,el,926,ll,134,lc,137,lr,106,er,468,ell,1,lll,1,lcl,1,lrl,1,erl,1,sdl,0,sdr,0,sol,1,sae,0,slp,1,srp,1,sel,0,ser,0,sas,0,sgl,0
Time: 335.867506980896 SerialFromSparki: IR,StateChg,x,23.82,y,-35.61,<,180,el,973,ll,953,lc,976,lr,973,er,973,ell,0,lll,0,lcl,0,lrl,0,erl,0,sdl,0,sdr,0,sol,0,sae,0,slp,0,srp,0,sel,1,ser,1,sas,0,sgl,0
Time: 337.73827290534973 SerialFromSparki: IR,INSSTOP,X,PO,x,23.82,y,-35.61,<,180,Obst,f
--------------------------------------------------------------------------------
handleInstructions (HI) (sensorPose) :Stop :X :({'x': 23.82, 'y': -35.61, '<': 180}) :False
(HI) robotPose: {'x': 27.82, 'y': -35.61, '<': 180}
 
IN PROCESSVALUELIST............. LEN: 4
 
--------------- P R O C E S S   V A L U E    L I S T -------------------

gv.lastRobotDictItem from last processValueList: {'x': 55.51, 'y': -35.61, '<': 180, 'NODEID': 10} 

  robotDictItem: {'x': 45.01, 'y': -35.61, '<': 180, 'dest<': 90, 'TYPE': 'sli'}
  robotDictItem: {'x': 26.43, 'y': -35.61, '<': 180, 'dest<': 90, 'TYPE': 'sli'}
  robotDictItem: {'x': 26.43, 'y': -35.61, '<': 180, 'dest<': 270, 'TYPE': 'sri'}
proc tempList, gv.lastRobotDictItem {'x': 55.51, 'y': -35.61, '<': 180, 'NODEID': 10}
Found sli: {'x': 45.01, 'y': -35.61, '<': 90, 'dest<': 90, 'TYPE': 'sli', 'NODEID': 11, 'orig<': 180}
proc tempList, gv.lastRobotDictItem {'x': 45.01, 'y': -35.61, '<': 180, 'dest<': 90, 'TYPE': 'sli', 'NODEID': 11}
Found sli: {'x': 26.43, 'y': -35.61, '<': 90, 'dest<': 90, 'TYPE': 'sli', 'NODEID': 6, 'orig<': 180}
proc tempList, gv.lastRobotDictItem {'x': 26.43, 'y': -35.61, '<': 180, 'dest<': 90, 'TYPE': 'sli', 'NODEID': 6}
Found sri: {'x': 26.43, 'y': -35.61, '<': 270, 'dest<': 270, 'TYPE': 'sri', 'NODEID': 6, 'orig<': 180}
- - - - - - - - - - - - - - - - - - - - - - - - - - - - - - - - - - - - - - - - - - - - - -
gv.startOfMaze (start position): {'x': 5.32, 'y': 0.0, '<': 0, 'TYPE': 'sas', 'NODEID': 0}
World xMin: 5.32 yMin: -58.8 xMax: 84.05 yMax: 0.0
gv.currentMode: X
gv.lastRobotDictItem: {'x': 26.43, 'y': -35.61, '<': 180, 'dest<': 270, 'TYPE': 'sri', 'NODEID': 6}
gv.robotPoseFromInstruction: {'x': 55.51, 'y': -35.61, '<': 180, 'NODEID': 10}
gv.pathsVisited:
  {'x': 5.32, 'y': 0.0, '<': 0, 'TYPE': 'sas', 'NODEID': 0}
  {'x': 26.66, 'y': -0.79, '<': 0, 'dest<': 270, 'TYPE': 'sli', 'NODEID': 1}
  {'x': 73.16, 'y': -1.61, '<': 0, 'dest<': 270, 'TYPE': 'sli', 'NODEID': 2}
  {'x': 84.05, 'y': -1.61, '<': 0, 'TYPE': 'sae', 'NODEID': 3}
  {'x': 73.13, 'y': -18.25, '<': 270, 'TYPE': 'sae', 'NODEID': 4}
  {'x': 27.66, 'y': -16.02, '<': 270, 'dest<': 180, 'TYPE': 'sli', 'NODEID': 5}
  {'x': 27.66, 'y': -16.26, '<': 270, 'dest<': 0, 'TYPE': 'sri', 'NODEID': 5}
  {'x': 27.66, 'y': -34.86, '<': 270, 'dest<': 0, 'TYPE': 'sri', 'NODEID': 6}
  {'x': 27.66, 'y': -58.17, '<': 270, 'dest<': 0, 'TYPE': 'sri', 'NODEID': 7}
  {'x': 54.71, 'y': -58.8, '<': 0, 'dest<': 90, 'TYPE': 'sri', 'NODEID': 8}
  {'x': 65.59, 'y': -58.8, '<': 0, 'TYPE': 'sae', 'NODEID': 9}
  {'x': 55.49, 'y': -36.0, '<': 90, 'dest<': 180, 'TYPE': 'sri', 'NODEID': 10}
  {'x': 45.01, 'y': -35.61, '<': 180, 'dest<': 90, 'TYPE': 'sli', 'NODEID': 11}
  {'x': 26.43, 'y': -35.61, '<': 180, 'dest<': 90, 'TYPE': 'sli', 'NODEID': 6}
  {'x': 26.43, 'y': -35.61, '<': 180, 'dest<': 270, 'TYPE': 'sri', 'NODEID': 6}
gv.paths2Visit:
  {'x': 27.66, 'y': -16.02, '<': 180, 'dest<': 180, 'TYPE': 'sli', 'NODEID': 5, 'orig<': 270}
  {'x': 27.66, 'y': -16.26, '<': 0, 'dest<': 0, 'TYPE': 'sri', 'NODEID': 5, 'orig<': 270}
  {'x': 27.66, 'y': -34.86, '<': 0, 'dest<': 0, 'TYPE': 'sri', 'NODEID': 6, 'orig<': 270}
  {'x': 45.01, 'y': -35.61, '<': 90, 'dest<': 90, 'TYPE': 'sli', 'NODEID': 11, 'orig<': 180}
  {'x': 26.43, 'y': -35.61, '<': 90, 'dest<': 90, 'TYPE': 'sli', 'NODEID': 6, 'orig<': 180}
pathBeingVisited
  {'x': 55.49, 'y': -36.0, '<': 180, 'dest<': 180, 'TYPE': 'sri', 'NODEID': 10, 'orig<': 90}
gv.goalDict is empty
gv.potentialGoalDicts
  {'x': 84.05, 'y': -1.61, '<': 0, 'TYPE': 'sae', 'NODEID': 3}
  {'x': 73.13, 'y': -18.25, '<': 270, 'TYPE': 'sae', 'NODEID': 4}
  {'x': 65.59, 'y': -58.8, '<': 0, 'TYPE': 'sae', 'NODEID': 9}
gv.nodeList
  NodeId: 0 value: {'x': 5.32, 'y': 0.0, 'NODEID': 0}
  NodeId: 1 value: {'x': 26.66, 'y': -0.79, 'NODEID': 1}
  NodeId: 2 value: {'x': 73.16, 'y': -1.61, 'NODEID': 2}
  NodeId: 3 value: {'x': 84.05, 'y': -1.61, 'NODEID': 3}
  NodeId: 4 value: {'x': 73.13, 'y': -18.25, 'NODEID': 4}
  NodeId: 5 value: {'x': 27.66, 'y': -16.02, 'NODEID': 5}
  NodeId: 6 value: {'x': 27.66, 'y': -34.86, 'NODEID': 6}
  NodeId: 7 value: {'x': 27.66, 'y': -58.17, 'NODEID': 7}
  NodeId: 8 value: {'x': 54.71, 'y': -58.8, 'NODEID': 8}
  NodeId: 9 value: {'x': 65.59, 'y': -58.8, 'NODEID': 9}
  NodeId: 10 value: {'x': 55.49, 'y': -36.0, 'NODEID': 10}
  NodeId: 11 value: {'x': 45.01, 'y': -35.61, 'NODEID': 11}
gv.nodeConnectionList
  {'id1': 0, '<': 0, 'id2': 1, 'len': 21.35}
  {'id1': 1, '<': 180, 'id2': 0, 'len': 21.35}
  {'id1': 1, '<': 0, 'id2': 2, 'len': 46.51}
  {'id1': 2, '<': 180, 'id2': 1, 'len': 46.51}
  {'id1': 2, '<': 0, 'id2': 3, 'len': 10.89}
  {'id1': 3, '<': 180, 'id2': 2, 'len': 10.89}
  {'id1': 2, '<': 270, 'id2': 4, 'len': 16.83}
  {'id1': 4, '<': 90, 'id2': 2, 'len': 16.83}
  {'id1': 1, '<': 270, 'id2': 5, 'len': 18.06}
  {'id1': 5, '<': 90, 'id2': 1, 'len': 18.06}
  {'id1': 5, '<': 270, 'id2': 6, 'len': 18.6}
  {'id1': 6, '<': 90, 'id2': 5, 'len': 18.6}
  {'id1': 6, '<': 270, 'id2': 7, 'len': 23.31}
  {'id1': 7, '<': 90, 'id2': 6, 'len': 23.31}
  {'id1': 7, '<': 0, 'id2': 8, 'len': 27.05}
  {'id1': 8, '<': 180, 'id2': 7, 'len': 27.05}
  {'id1': 8, '<': 0, 'id2': 9, 'len': 10.88}
  {'id1': 9, '<': 180, 'id2': 8, 'len': 10.88}
  {'id1': 8, '<': 90, 'id2': 10, 'len': 23.02}
  {'id1': 10, '<': 270, 'id2': 8, 'len': 23.02}
  {'id1': 10, '<': 180, 'id2': 11, 'len': 10.5}
  {'id1': 11, '<': 0, 'id2': 10, 'len': 10.5}
  {'id1': 11, '<': 180, 'id2': 6, 'len': 18.58}
  {'id1': 6, '<': 0, 'id2': 11, 'len': 18.58}
  As a graph: {0: {1: 21.35}, 1: {0: 21.35, 2: 46.51, 5: 18.06}, 2: {1: 46.51, 3: 10.89, 4: 16.83}, 3: {2: 10.89}, 4: {2: 16.83}, 5: {1: 18.06, 6: 18.6}, 6: {5: 18.6, 7: 23.31, 11: 18.58}, 7: {6: 23.31, 8: 27.05}, 8: {7: 27.05, 9: 10.88, 10: 23.02}, 9: {8: 10.88}, 10: {8: 23.02, 11: 10.5}, 11: {10: 10.5, 6: 18.58}}
- - - - - - - - - - - - - - - - - - - - - - - - - - - - - - - - - - - - - - - - - - - - - -
Time: 338.7611861228943 SerialFromSparki: IR,INS
--------------------------------------------------------------------------------
In tellSparkiWhatToDo (TS)
in getDirectionsForNodes
*****************
Sending this to sparki: M,x,27.66,y,-34.86,<,-1,X,x,27.66,y,-34.86,<,0
*****************
In send2Sparki, theLen: 46 string: M,x,27.66,y,-34.86,<,-1,X,x,27.66,y,-34.86,<,0
Time: 338.9181480407715  Instruction sent
Time: 338.91828513145447 SerialFromSparki: 46
Time: 338.91851592063904 SerialFromSparki: IR,INSSTART,M,PO,x,28.86,y,-31.91,<,68
--------------------------------------------------------------------------------
handleInstructions (HI) (sensorPose) :Start :M :({'x': 28.86, 'y': -31.91, '<': 68}) :False
(HI) robotPose: {'x': 27.36, 'y': -35.62, '<': 68}
 
HI: robotPoseFromInstruction: {'x': 27.36, 'y': -35.62, '<': 68, 'NODEID': 6}
HI: lastRobotDictItem: {'x': 27.36, 'y': -35.62, '<': 68, 'NODEID': 6}
 
Time: 342.1355221271515 SerialFromSparki: IR,INSSTOP,M,PO,x,29.19,y,-31.08,<,68,Obst,f
--------------------------------------------------------------------------------
handleInstructions (HI) (sensorPose) :Stop :M :({'x': 29.19, 'y': -31.08, '<': 68}) :False
(HI) robotPose: {'x': 27.69, 'y': -34.79, '<': 68}
Time: 343.45951414108276 SerialFromSparki: IR,INSSTART,X,PO,x,31.69,y,-34.78,<,0
--------------------------------------------------------------------------------
handleInstructions (HI) (sensorPose) :Start :X :({'x': 31.69, 'y': -34.78, '<': 0}) :False
(HI) robotPose: {'x': 27.69, 'y': -34.78, '<': 0}
 
HI: robotPoseFromInstruction: {'x': 27.69, 'y': -34.78, '<': 0, 'NODEID': 6}
HI: lastRobotDictItem: {'x': 27.69, 'y': -34.78, '<': 0, 'NODEID': 6}
 
Time: 345.46944212913513 SerialFromSparki: IR,StateChg,x,42.48,y,-36.17,<,0,el,980,ll,123,lc,129,lr,108,er,179,ell,0,lll,1,lcl,1,lrl,1,erl,1,sdl,0,sdr,0,sol,1,sae,0,slp,0,srp,1,sel,0,ser,0,sas,0,sgl,0
Time: 361.04486083984375 SerialFromSparki: IR,StateChg,x,47.24,y,-36.17,<,0,el,980,ll,103,lc,101,lr,98,er,973,ell,0,lll,1,lcl,1,lrl,1,erl,0,sdl,0,sdr,0,sol,1,sae,0,slp,0,srp,0,sel,0,ser,1,sas,0,sgl,0
Time: 362.7588150501251 SerialFromSparki: IR,StateChg,x,52.86,y,-36.17,<,0,el,889,ll,100,lc,136,lr,94,er,978,ell,1,lll,1,lcl,1,lrl,1,erl,0,sdl,0,sdr,0,sol,1,sae,0,slp,1,srp,0,sel,0,ser,0,sas,0,sgl,0
Time: 364.78161883354187 SerialFromSparki: IR,StateChg,x,58.06,y,-36.17,<,0,el,976,ll,928,lc,922,lr,877,er,975,ell,0,lll,1,lcl,1,lrl,1,erl,0,sdl,0,sdr,0,sol,1,sae,0,slp,0,srp,0,sel,1,ser,0,sas,0,sgl,0
Time: 366.6504020690918 SerialFromSparki: Obst:42.26
Time: 366.93648505210876 SerialFromSparki: IR,StateChg,x,58.53,y,-36.17,<,0,el,979,ll,980,lc,980,lr,980,er,980,ell,0,lll,0,lcl,0,lrl,0,erl,0,sdl,0,sdr,0,sol,0,sae,1,slp,0,srp,0,sel,0,ser,0,sas,0,sgl,0
Time: 366.9415509700775 SerialFromSparki: IR,INSSTOP,X,PO,x,58.53,y,-36.17,<,0,Obst,f
--------------------------------------------------------------------------------
handleInstructions (HI) (sensorPose) :Stop :X :({'x': 58.53, 'y': -36.17, '<': 0}) :False
(HI) robotPose: {'x': 54.53, 'y': -36.17, '<': 0}
 
IN PROCESSVALUELIST............. LEN: 5
 
--------------- P R O C E S S   V A L U E    L I S T -------------------

gv.lastRobotDictItem from last processValueList: {'x': 27.69, 'y': -34.78, '<': 0, 'NODEID': 6} 

  robotDictItem: {'x': 44.86, 'y': -36.17, '<': 0, 'dest<': 90, 'TYPE': 'sri'}
  robotDictItem: {'x': 55.46, 'y': -36.17, '<': 0, 'dest<': 270, 'TYPE': 'sli'}
  robotDictItem: {'x': 54.53, 'y': -36.17, '<': 0, 'TYPE': 'sae'}
proc tempList, gv.lastRobotDictItem {'x': 27.69, 'y': -34.78, '<': 0, 'NODEID': 6}
Found sri: {'x': 44.86, 'y': -36.17, '<': 90, 'dest<': 90, 'TYPE': 'sri', 'NODEID': 11, 'orig<': 0}
proc tempList, gv.lastRobotDictItem {'x': 44.86, 'y': -36.17, '<': 0, 'dest<': 90, 'TYPE': 'sri', 'NODEID': 11}
Found sli: {'x': 55.46, 'y': -36.17, '<': 270, 'dest<': 270, 'TYPE': 'sli', 'NODEID': 10, 'orig<': 0}
proc tempList, gv.lastRobotDictItem {'x': 55.46, 'y': -36.17, '<': 0, 'dest<': 270, 'TYPE': 'sli', 'NODEID': 10}
Found SAE: {'x': 54.53, 'y': -36.17, '<': 0, 'TYPE': 'sae', 'NODEID': 10}
- - - - - - - - - - - - - - - - - - - - - - - - - - - - - - - - - - - - - - - - - - - - - -
gv.startOfMaze (start position): {'x': 5.32, 'y': 0.0, '<': 0, 'TYPE': 'sas', 'NODEID': 0}
World xMin: 5.32 yMin: -58.8 xMax: 84.05 yMax: 0.0
gv.currentMode: X
gv.lastRobotDictItem: {'x': 54.53, 'y': -36.17, '<': 0, 'TYPE': 'sae', 'NODEID': 10}
gv.robotPoseFromInstruction: {'x': 27.69, 'y': -34.78, '<': 0, 'NODEID': 6}
gv.pathsVisited:
  {'x': 5.32, 'y': 0.0, '<': 0, 'TYPE': 'sas', 'NODEID': 0}
  {'x': 26.66, 'y': -0.79, '<': 0, 'dest<': 270, 'TYPE': 'sli', 'NODEID': 1}
  {'x': 73.16, 'y': -1.61, '<': 0, 'dest<': 270, 'TYPE': 'sli', 'NODEID': 2}
  {'x': 84.05, 'y': -1.61, '<': 0, 'TYPE': 'sae', 'NODEID': 3}
  {'x': 73.13, 'y': -18.25, '<': 270, 'TYPE': 'sae', 'NODEID': 4}
  {'x': 27.66, 'y': -16.02, '<': 270, 'dest<': 180, 'TYPE': 'sli', 'NODEID': 5}
  {'x': 27.66, 'y': -16.26, '<': 270, 'dest<': 0, 'TYPE': 'sri', 'NODEID': 5}
  {'x': 27.66, 'y': -34.86, '<': 270, 'dest<': 0, 'TYPE': 'sri', 'NODEID': 6}
  {'x': 27.66, 'y': -58.17, '<': 270, 'dest<': 0, 'TYPE': 'sri', 'NODEID': 7}
  {'x': 54.71, 'y': -58.8, '<': 0, 'dest<': 90, 'TYPE': 'sri', 'NODEID': 8}
  {'x': 65.59, 'y': -58.8, '<': 0, 'TYPE': 'sae', 'NODEID': 9}
  {'x': 55.49, 'y': -36.0, '<': 90, 'dest<': 180, 'TYPE': 'sri', 'NODEID': 10}
  {'x': 45.01, 'y': -35.61, '<': 180, 'dest<': 90, 'TYPE': 'sli', 'NODEID': 11}
  {'x': 26.43, 'y': -35.61, '<': 180, 'dest<': 90, 'TYPE': 'sli', 'NODEID': 6}
  {'x': 26.43, 'y': -35.61, '<': 180, 'dest<': 270, 'TYPE': 'sri', 'NODEID': 6}
  {'x': 44.86, 'y': -36.17, '<': 0, 'dest<': 90, 'TYPE': 'sri', 'NODEID': 11}
  {'x': 55.46, 'y': -36.17, '<': 0, 'dest<': 270, 'TYPE': 'sli', 'NODEID': 10}
  {'x': 54.53, 'y': -36.17, '<': 0, 'TYPE': 'sae', 'NODEID': 10}
gv.paths2Visit:
  {'x': 27.66, 'y': -16.02, '<': 180, 'dest<': 180, 'TYPE': 'sli', 'NODEID': 5, 'orig<': 270}
  {'x': 27.66, 'y': -16.26, '<': 0, 'dest<': 0, 'TYPE': 'sri', 'NODEID': 5, 'orig<': 270}
  {'x': 45.01, 'y': -35.61, '<': 90, 'dest<': 90, 'TYPE': 'sli', 'NODEID': 11, 'orig<': 180}
  {'x': 26.43, 'y': -35.61, '<': 90, 'dest<': 90, 'TYPE': 'sli', 'NODEID': 6, 'orig<': 180}
  {'x': 44.86, 'y': -36.17, '<': 90, 'dest<': 90, 'TYPE': 'sri', 'NODEID': 11, 'orig<': 0}
  {'x': 55.46, 'y': -36.17, '<': 270, 'dest<': 270, 'TYPE': 'sli', 'NODEID': 10, 'orig<': 0}
pathBeingVisited
  {'x': 27.66, 'y': -34.86, '<': 0, 'dest<': 0, 'TYPE': 'sri', 'NODEID': 6, 'orig<': 270}
gv.goalDict is empty
gv.potentialGoalDicts
  {'x': 84.05, 'y': -1.61, '<': 0, 'TYPE': 'sae', 'NODEID': 3}
  {'x': 73.13, 'y': -18.25, '<': 270, 'TYPE': 'sae', 'NODEID': 4}
  {'x': 65.59, 'y': -58.8, '<': 0, 'TYPE': 'sae', 'NODEID': 9}
  {'x': 54.53, 'y': -36.17, '<': 0, 'TYPE': 'sae', 'NODEID': 10}
gv.nodeList
  NodeId: 0 value: {'x': 5.32, 'y': 0.0, 'NODEID': 0}
  NodeId: 1 value: {'x': 26.66, 'y': -0.79, 'NODEID': 1}
  NodeId: 2 value: {'x': 73.16, 'y': -1.61, 'NODEID': 2}
  NodeId: 3 value: {'x': 84.05, 'y': -1.61, 'NODEID': 3}
  NodeId: 4 value: {'x': 73.13, 'y': -18.25, 'NODEID': 4}
  NodeId: 5 value: {'x': 27.66, 'y': -16.02, 'NODEID': 5}
  NodeId: 6 value: {'x': 27.66, 'y': -34.86, 'NODEID': 6}
  NodeId: 7 value: {'x': 27.66, 'y': -58.17, 'NODEID': 7}
  NodeId: 8 value: {'x': 54.71, 'y': -58.8, 'NODEID': 8}
  NodeId: 9 value: {'x': 65.59, 'y': -58.8, 'NODEID': 9}
  NodeId: 10 value: {'x': 55.49, 'y': -36.0, 'NODEID': 10}
  NodeId: 11 value: {'x': 45.01, 'y': -35.61, 'NODEID': 11}
gv.nodeConnectionList
  {'id1': 0, '<': 0, 'id2': 1, 'len': 21.35}
  {'id1': 1, '<': 180, 'id2': 0, 'len': 21.35}
  {'id1': 1, '<': 0, 'id2': 2, 'len': 46.51}
  {'id1': 2, '<': 180, 'id2': 1, 'len': 46.51}
  {'id1': 2, '<': 0, 'id2': 3, 'len': 10.89}
  {'id1': 3, '<': 180, 'id2': 2, 'len': 10.89}
  {'id1': 2, '<': 270, 'id2': 4, 'len': 16.83}
  {'id1': 4, '<': 90, 'id2': 2, 'len': 16.83}
  {'id1': 1, '<': 270, 'id2': 5, 'len': 18.06}
  {'id1': 5, '<': 90, 'id2': 1, 'len': 18.06}
  {'id1': 5, '<': 270, 'id2': 6, 'len': 18.6}
  {'id1': 6, '<': 90, 'id2': 5, 'len': 18.6}
  {'id1': 6, '<': 270, 'id2': 7, 'len': 23.31}
  {'id1': 7, '<': 90, 'id2': 6, 'len': 23.31}
  {'id1': 7, '<': 0, 'id2': 8, 'len': 27.05}
  {'id1': 8, '<': 180, 'id2': 7, 'len': 27.05}
  {'id1': 8, '<': 0, 'id2': 9, 'len': 10.88}
  {'id1': 9, '<': 180, 'id2': 8, 'len': 10.88}
  {'id1': 8, '<': 90, 'id2': 10, 'len': 23.02}
  {'id1': 10, '<': 270, 'id2': 8, 'len': 23.02}
  {'id1': 10, '<': 180, 'id2': 11, 'len': 10.5}
  {'id1': 11, '<': 0, 'id2': 10, 'len': 10.5}
  {'id1': 11, '<': 180, 'id2': 6, 'len': 18.58}
  {'id1': 6, '<': 0, 'id2': 11, 'len': 18.58}
  As a graph: {0: {1: 21.35}, 1: {0: 21.35, 2: 46.51, 5: 18.06}, 2: {1: 46.51, 3: 10.89, 4: 16.83}, 3: {2: 10.89}, 4: {2: 16.83}, 5: {1: 18.06, 6: 18.6}, 6: {5: 18.6, 7: 23.31, 11: 18.58}, 7: {6: 23.31, 8: 27.05}, 8: {7: 27.05, 9: 10.88, 10: 23.02}, 9: {8: 10.88}, 10: {8: 23.02, 11: 10.5}, 11: {10: 10.5, 6: 18.58}}
- - - - - - - - - - - - - - - - - - - - - - - - - - - - - - - - - - - - - - - - - - - - - -
Time: 367.9655439853668 SerialFromSparki: IR,INS
--------------------------------------------------------------------------------
In tellSparkiWhatToDo (TS)
in getDirectionsForNodes
*****************
Sending this to sparki: M,x,55.46,y,-36.17,<,-1,X,x,55.46,y,-36.17,<,270
*****************
In send2Sparki, theLen: 48 string: M,x,55.46,y,-36.17,<,-1,X,x,55.46,y,-36.17,<,270
Time: 368.1215090751648  Instruction sent
Time: 368.1217541694641 SerialFromSparki: 48
Time: 368.12192726135254 SerialFromSparki: IR,INSSTART,M,PO,x,58.96,y,-36.17,<,0
--------------------------------------------------------------------------------
handleInstructions (HI) (sensorPose) :Start :M :({'x': 58.96, 'y': -36.17, '<': 0}) :False
(HI) robotPose: {'x': 54.96, 'y': -36.17, '<': 0}
 
HI: robotPoseFromInstruction: {'x': 54.96, 'y': -36.17, '<': 0, 'NODEID': 10}
HI: lastRobotDictItem: {'x': 54.96, 'y': -36.17, '<': 0, 'NODEID': 10}
 
Time: 368.30249285697937 SerialFromSparki: IR,INSSTOP,M,PO,x,59.85,y,-36.17,<,0,Obst,f
--------------------------------------------------------------------------------
handleInstructions (HI) (sensorPose) :Stop :M :({'x': 59.85, 'y': -36.17, '<': 0}) :False
(HI) robotPose: {'x': 55.85, 'y': -36.17, '<': 0}
Time: 369.62562823295593 SerialFromSparki: IR,INSSTART,X,PO,x,55.85,y,-40.17,<,270
--------------------------------------------------------------------------------
handleInstructions (HI) (sensorPose) :Start :X :({'x': 55.85, 'y': -40.17, '<': 270}) :False
(HI) robotPose: {'x': 55.85, 'y': -36.17, '<': 270}
 
HI: robotPoseFromInstruction: {'x': 55.85, 'y': -36.17, '<': 270, 'NODEID': 10}
HI: lastRobotDictItem: {'x': 55.85, 'y': -36.17, '<': 270, 'NODEID': 10}
 
Exception raised in serialProcessor.py
<class 'serial.serialutil.SerialException'> serialProcessor.py 231
<class 'termios.error'> serialProcessor.py 314
Exception raised flushing serial port
- - - - - - - - - - - - - - - - - - - - - - - - - - - - - - - - - - - - - - - - - - - - - -
gv.startOfMaze (start position): {'x': 5.32, 'y': 0.0, '<': 0, 'TYPE': 'sas', 'NODEID': 0}
World xMin: 5.32 yMin: -58.8 xMax: 84.05 yMax: 0.0
gv.currentMode: X
gv.lastRobotDictItem: {'x': 55.85, 'y': -36.17, '<': 270, 'NODEID': 10}
gv.robotPoseFromInstruction: {'x': 55.85, 'y': -36.17, '<': 270, 'NODEID': 10}
gv.pathsVisited:
  {'x': 5.32, 'y': 0.0, '<': 0, 'TYPE': 'sas', 'NODEID': 0}
  {'x': 26.66, 'y': -0.79, '<': 0, 'dest<': 270, 'TYPE': 'sli', 'NODEID': 1}
  {'x': 73.16, 'y': -1.61, '<': 0, 'dest<': 270, 'TYPE': 'sli', 'NODEID': 2}
  {'x': 84.05, 'y': -1.61, '<': 0, 'TYPE': 'sae', 'NODEID': 3}
  {'x': 73.13, 'y': -18.25, '<': 270, 'TYPE': 'sae', 'NODEID': 4}
  {'x': 27.66, 'y': -16.02, '<': 270, 'dest<': 180, 'TYPE': 'sli', 'NODEID': 5}
  {'x': 27.66, 'y': -16.26, '<': 270, 'dest<': 0, 'TYPE': 'sri', 'NODEID': 5}
  {'x': 27.66, 'y': -34.86, '<': 270, 'dest<': 0, 'TYPE': 'sri', 'NODEID': 6}
  {'x': 27.66, 'y': -58.17, '<': 270, 'dest<': 0, 'TYPE': 'sri', 'NODEID': 7}
  {'x': 54.71, 'y': -58.8, '<': 0, 'dest<': 90, 'TYPE': 'sri', 'NODEID': 8}
  {'x': 65.59, 'y': -58.8, '<': 0, 'TYPE': 'sae', 'NODEID': 9}
  {'x': 55.49, 'y': -36.0, '<': 90, 'dest<': 180, 'TYPE': 'sri', 'NODEID': 10}
  {'x': 45.01, 'y': -35.61, '<': 180, 'dest<': 90, 'TYPE': 'sli', 'NODEID': 11}
  {'x': 26.43, 'y': -35.61, '<': 180, 'dest<': 90, 'TYPE': 'sli', 'NODEID': 6}
  {'x': 26.43, 'y': -35.61, '<': 180, 'dest<': 270, 'TYPE': 'sri', 'NODEID': 6}
  {'x': 44.86, 'y': -36.17, '<': 0, 'dest<': 90, 'TYPE': 'sri', 'NODEID': 11}
  {'x': 55.46, 'y': -36.17, '<': 0, 'dest<': 270, 'TYPE': 'sli', 'NODEID': 10}
  {'x': 54.53, 'y': -36.17, '<': 0, 'TYPE': 'sae', 'NODEID': 10}
gv.paths2Visit:
  {'x': 27.66, 'y': -16.02, '<': 180, 'dest<': 180, 'TYPE': 'sli', 'NODEID': 5, 'orig<': 270}
  {'x': 27.66, 'y': -16.26, '<': 0, 'dest<': 0, 'TYPE': 'sri', 'NODEID': 5, 'orig<': 270}
  {'x': 45.01, 'y': -35.61, '<': 90, 'dest<': 90, 'TYPE': 'sli', 'NODEID': 11, 'orig<': 180}
  {'x': 26.43, 'y': -35.61, '<': 90, 'dest<': 90, 'TYPE': 'sli', 'NODEID': 6, 'orig<': 180}
  {'x': 44.86, 'y': -36.17, '<': 90, 'dest<': 90, 'TYPE': 'sri', 'NODEID': 11, 'orig<': 0}
pathBeingVisited
  {'x': 55.46, 'y': -36.17, '<': 270, 'dest<': 270, 'TYPE': 'sli', 'NODEID': 10, 'orig<': 0}
gv.goalDict is empty
gv.potentialGoalDicts
  {'x': 84.05, 'y': -1.61, '<': 0, 'TYPE': 'sae', 'NODEID': 3}
  {'x': 73.13, 'y': -18.25, '<': 270, 'TYPE': 'sae', 'NODEID': 4}
  {'x': 65.59, 'y': -58.8, '<': 0, 'TYPE': 'sae', 'NODEID': 9}
  {'x': 54.53, 'y': -36.17, '<': 0, 'TYPE': 'sae', 'NODEID': 10}
gv.nodeList
  NodeId: 0 value: {'x': 5.32, 'y': 0.0, 'NODEID': 0}
  NodeId: 1 value: {'x': 26.66, 'y': -0.79, 'NODEID': 1}
  NodeId: 2 value: {'x': 73.16, 'y': -1.61, 'NODEID': 2}
  NodeId: 3 value: {'x': 84.05, 'y': -1.61, 'NODEID': 3}
  NodeId: 4 value: {'x': 73.13, 'y': -18.25, 'NODEID': 4}
  NodeId: 5 value: {'x': 27.66, 'y': -16.02, 'NODEID': 5}
  NodeId: 6 value: {'x': 27.66, 'y': -34.86, 'NODEID': 6}
  NodeId: 7 value: {'x': 27.66, 'y': -58.17, 'NODEID': 7}
  NodeId: 8 value: {'x': 54.71, 'y': -58.8, 'NODEID': 8}
  NodeId: 9 value: {'x': 65.59, 'y': -58.8, 'NODEID': 9}
  NodeId: 10 value: {'x': 55.49, 'y': -36.0, 'NODEID': 10}
  NodeId: 11 value: {'x': 45.01, 'y': -35.61, 'NODEID': 11}
gv.nodeConnectionList
  {'id1': 0, '<': 0, 'id2': 1, 'len': 21.35}
  {'id1': 1, '<': 180, 'id2': 0, 'len': 21.35}
  {'id1': 1, '<': 0, 'id2': 2, 'len': 46.51}
  {'id1': 2, '<': 180, 'id2': 1, 'len': 46.51}
  {'id1': 2, '<': 0, 'id2': 3, 'len': 10.89}
  {'id1': 3, '<': 180, 'id2': 2, 'len': 10.89}
  {'id1': 2, '<': 270, 'id2': 4, 'len': 16.83}
  {'id1': 4, '<': 90, 'id2': 2, 'len': 16.83}
  {'id1': 1, '<': 270, 'id2': 5, 'len': 18.06}
  {'id1': 5, '<': 90, 'id2': 1, 'len': 18.06}
  {'id1': 5, '<': 270, 'id2': 6, 'len': 18.6}
  {'id1': 6, '<': 90, 'id2': 5, 'len': 18.6}
  {'id1': 6, '<': 270, 'id2': 7, 'len': 23.31}
  {'id1': 7, '<': 90, 'id2': 6, 'len': 23.31}
  {'id1': 7, '<': 0, 'id2': 8, 'len': 27.05}
  {'id1': 8, '<': 180, 'id2': 7, 'len': 27.05}
  {'id1': 8, '<': 0, 'id2': 9, 'len': 10.88}
  {'id1': 9, '<': 180, 'id2': 8, 'len': 10.88}
  {'id1': 8, '<': 90, 'id2': 10, 'len': 23.02}
  {'id1': 10, '<': 270, 'id2': 8, 'len': 23.02}
  {'id1': 10, '<': 180, 'id2': 11, 'len': 10.5}
  {'id1': 11, '<': 0, 'id2': 10, 'len': 10.5}
  {'id1': 11, '<': 180, 'id2': 6, 'len': 18.58}
  {'id1': 6, '<': 0, 'id2': 11, 'len': 18.58}
  As a graph: {0: {1: 21.35}, 1: {0: 21.35, 2: 46.51, 5: 18.06}, 2: {1: 46.51, 3: 10.89, 4: 16.83}, 3: {2: 10.89}, 4: {2: 16.83}, 5: {1: 18.06, 6: 18.6}, 6: {5: 18.6, 7: 23.31, 11: 18.58}, 7: {6: 23.31, 8: 27.05}, 8: {7: 27.05, 9: 10.88, 10: 23.02}, 9: {8: 10.88}, 10: {8: 23.02, 11: 10.5}, 11: {10: 10.5, 6: 18.58}}
- - - - - - - - - - - - - - - - - - - - - - - - - - - - - - - - - - - - - - - - - - - - - -
Seans-MacBook-Pro-2:python seanduffy$ 